2026-02-01 12:32:30 - SSH failed password from 10.0.0.1
2026-02-01 12:32:30 - SSH failed password from 10.0.0.2
2026-02-01 12:32:31 - SSH failed password from 10.0.0.3
2026-02-01 12:32:31 - SSH failed password from 10.0.0.4
2026-02-01 12:32:32 - SSH failed password from 10.0.0.5
2026-02-01 12:43:13 - SSH failed password from 10.0.0.1
2026-02-01 12:43:14 - SSH failed password from 10.0.0.2
2026-02-01 12:43:14 - SSH failed password from 10.0.0.3
2026-02-01 12:43:15 - SSH failed password from 10.0.0.4
2026-02-01 12:43:15 - SSH failed password from 10.0.0.5
2026-02-01 13:23:58 - SSH failed password from 10.0.0.1
2026-02-01 13:23:59 - SSH failed password from 10.0.0.2
2026-02-01 13:23:59 - SSH failed password from 10.0.0.3
2026-02-01 13:24:00 - SSH failed password from 10.0.0.4
2026-02-01 13:24:00 - SSH failed password from 10.0.0.5
2026-02-01 13:33:50 - SSH failed password from 10.0.0.1
2026-02-01 13:33:50 - SSH failed password from 10.0.0.2
2026-02-01 13:33:51 - SSH failed password from 10.0.0.3
2026-02-01 13:33:51 - SSH failed password from 10.0.0.4
2026-02-01 13:33:52 - SSH failed password from 10.0.0.5
ALERTA DE SEGURIDAD: Intento de intrusión detectado
ATAQUE TEST
ATAQUE_DETECTADO
ATAQUE_DETECTADO
ATAQUE_DETECTADO
ATAQUE_DETECTADO
ATAQUE_FINAL_TERMINADO
ATAQUE_DETECTADO_AHORA
ATAQUE_DETECTADO_AHORA_MaquinaVisual
ALERTA_CRITICA_ATAQUE
ALERTA_CRITICA_ATAQUE
ALERTA_CRITICA_ATAQUE
ALERTA_CRITICA_ATAQUE
ALERTA_CRITICA_ATAQUE
ALERTA_CRITICA_ATAQUE
ALERTA_CRITICA_ATAQUE
ALERTA_CRITICA_ATAQUE
ALERTA_CRITICA_ATAQUE
ALERTA_CRITICA_ATAQUE
ALERTA_CRITICA_ATAQUE
ALERTA_CRITICA_ATAQUE
ALERTA_CRITICA_ATAQUE
ALERTA_CRITICA_ATAQUE
ALERTA_CRITICA_ATAQUE1
INCIDENTE: ATAQUE DETECTADO
INCIDENTE CRITICO: ATAQUE DETECTADO
INCIDENTE CRITICO: ATAQUE DETECTADO
INCIDENTE CRITICO: ATAQUE DETECTADO
ATAQUE_FINAL_CONFIRMADO
ATAQUE_FINAL_CONFIRMADO
ATAQUE_FINAL_CONFIRMADO
ATAQUE_FINAL_CONFIRMADO
ATAQUE_FINAL_CONFIRMADO
ATAQUE_FINAL_CONFIRMADO
ATAQUE_FINAL_CONFIRMADO
LOG_DE_TERMINAL_REAL
ATAQUE_FINAL_AUTOMATICO
ATAQUE_FINAL_TEST
ATAQUE_FINAL_TEST
ATAQUE_FINAL_TEST
ATAQUE_FINAL_TEST
ATAQUE_FINAL_AUTOMATICO_OK
 - CRITICAL_ALERT_NOW - SOC_TRABAJO_FINALIZADO
2026-02-01 20:20:00 - CRITICAL_ALERT - SOC_TRABAJO_FINALIZADO
2026-02-01 21:20:00 - TEST_FINAL_VIVO
2026-02-01 21:20:00 - TEST_FINAL_VIVO1111
ATAQUE_CON_UMBRAL_1
ATAQUE_CON_UMBRAL_1
ATAQUE_CON_UMBRAL_1
ATAQUE_CON_UMBRAL_1
ATAQUE_CON_UMBRAL_1
ATAQUE_CON_UMBRAL_1
ATAQUE_CON_UMBRAL_12
ATAQUE_CON_UMBRAL_122
ATAQUE_CON_UMBRAL_122
ATAQUE_CON_UMBRAL_1222222
ATAQUE_CON_UMBRAL_pruebafinaldesdeterminal
ATAQUE_CON_UMBRAL_pruebafinaldesdeterminal
ATAQUE_CON_UMBRAL_pruebafinaldesdeterminal
ATAQUE_CON_UMBRAL_pruebafinaldesdeterminal
ATAQUE_CON_UMBRAL_pruebafinaldesdeterminal
ATAQUE_CON_UMBRAL_pruebafinaldesdeterminal
ATAQUE_CON_UMBRAL_pruebafinaldesdeterminal
ATAQUE_CON_UMBRAL_1222222
ATAQUE_CON_UMBRAL_12
ATAQUE_CON_UMBRAL_pruebafinaldesdeterminal
TEST_CON_NODOS
TEST_CON_NODOS
TEST_CON_NODOS
TEST_CON_NODOS
TEST_CON_NODOS
ATAQUE_FINAL_REPORTADO_POR_EMAIL
ATAQUE_FINAL_REPORTADO_POR_EMAIL
ATAQUE_FINAL_REPORTADO_POR_EMAIL
ATAQUE_FINAL_REPORTADO_POR_EMAIL
ATAQUE_FINAL_REPORTADO_POR_EMAIL
ATAQUE_FINAL_REPORTADO_POR_EMAIL
ATAQUE_A_MI_CORREO_VIVO
ATAQUE_A_MI_CORREO_VIVO
ATAQUE_A_MI_CORREO_VIVO
ATAQUE_A_MI_CORREO_VIVO
ATAQUE_A_MI_CORREO_VIVO
ATAQUE_A_MI_CORREO_VIVO
ATAQUE_A_MI_CORREO_VIVO
ATAQUE_A_MI_CORREO_VIVO
ATAQUE_A_MI_CORREO_VIVO
ATAQUE_A_MI_CORREO_VIVO
PRUEBA_FINAL_CON_BANDERA
PRUEBA_FINAL_CON_BANDERA
PRUEBA_FINAL_CON_BANDERA
PRUEBA_FINAL_CON_BANDERA
PRUEBA_FINAL_CON_BANDERA
PRUEBA_FINAL_CON_BANDERA1
PRUEBA_FINAL_CON_BANDERA1
PRUEBA_FINAL_CON_BANDERA1
PRUEBA_FINAL_CON_BANDERA1
PRUEBA_FINAL_CON_BANDERA1
ATAQUE_FINAL_VERIFICADO
ATAQUE_FINAL_VERIFICADO
ATAQUE_FINAL_VERIFICADO
ATAQUE_FINAL_VERIFICADO
ATAQUE_FINAL_VERIFICADO
PRUEBA_DESDE_CERO_EXITO
PRUEBA_DESDE_CERO_EXITO
PRUEBA_DESDE_CERO_EXITO
PRUEBA_DESDE_CERO_EXITO
PRUEBA_DESDE_CERO_EXITO
PRUEBA_DESDE_CERO_EXITO
PRUEBA_DESDE_CERO_EXITO
PRUEBA_DESDE_CERO_EXITO
PRUEBA_DESDE_CERO_EXITO
PRUEBA_DESDE_CERO_EXITO
PRUEBA_DESDE_CERO_EXITO
PRUEBA_DESDE_CERO_EXITO
PRUEBA_DESDE_CERO_EXITO
PRUEBA_DESDE_CERO_EXITO
PRUEBA_DESDE_CERO_EXITO
PRUEBA_FINAL_PARA_EL_10
PRUEBA_FINAL_PARA_EL_10
PRUEBA_FINAL_PARA_EL_10
PRUEBA_FINAL_PARA_EL_10
PRUEBA_FINAL_PARA_EL_10
PRUEBA_FINAL_PARA_EL_10
PRUEBA_FINAL_PARA_EL_10
PRUEBA_FINAL_PARA_EL_10
PRUEBA_FINAL_PARA_EL_10
PRUEBA_FINAL_PARA_EL_10
PRUEBA_FINAL_PARA_EL_10
PRUEBA_FINAL_PARA_EL_1011
PRUEBA_FINAL_PARA_EL_1011
PRUEBA_FINAL_PARA_EL_1011
PRUEBA_FINAL_PARA_EL_1011
ATAQUE_FINAL_DISCORD_SOAR
ATAQUE_FINAL_DISCORD_SOAR
ATAQUE_FINAL_DISCORD_SOAR
ATAQUE_FINAL_DISCORD_SOAR
ATAQUE_FINAL_DISCORD_SOAR
ATAQUE_FINAL_DISCORD_SOAR
ATAQUE_FINAL_DISCORD_SOAR
ATAQUE_FINAL_DISCORD_SOAR
ATAQUE_FINAL_DISCORD_SOAR
ATAQUE_FINAL_DISCORD_SOAR
ATAQUE_FINAL_DISCORD_SOAR
ATAQUE_FINAL_DISCORD_SOAR
ATAQUE_FINAL_DISCORD_SOAR
ATAQUE_FINAL_DISCORD_SOAR
ATAQUE_FINAL_DISCORD_SOAR
ATAQUE_FINAL_DISCORD_SOAR
ATAQUE_FINAL_DISCORD_SOAR
ATAQUE_FINAL_DISCORD_SOAR
ATAQUE_FINAL_DISCORD_SOAR
ATAQUE_FINAL_DISCORD_SOAR
ATAQUE_FINAL_DISCORD_SOAR
ATAQUE_FINAL_DISCORD_SOAR
ATAQUE_FINAL_DISCORD_SOAR
LOG_FINAL_ENTREGADO
LOG_FINAL_ENTREGADO
LOG_FINAL_ENTREGADO
LOG_FINAL_ENTREGADO
LOG_FINAL_ENTREGADO
LOG_FINAL_ENTREGADO
LOG_FINAL_ENTREGADO
LOG_FINAL_ENTREGADO
LOG_FINAL_ENTREGADO
LOG_FINAL_ENTREGADO
LOG_FINAL_ENTREGADO
LOG_FINAL_ENTREGADO
LOG_FINAL_ENTREGADO
LOG_FINAL_ENTREGADO
LOG_FINAL_ENTREGADO
LOG_FINAL_ENTREGADO
LOG_FINAL_ENTREGADO
LOG_FINAL_ENTREGADO
LOG_FINAL_ENTREGADO
LOG_FINAL_ENTREGADO
LOG_FINAL_ENTREGADO
LOG_FINAL_ENTREGADO
LOG_FINAL_ENTREGADO
LOG_FINAL_ENTREGADO1
LOG_FINAL_ENTREGADO1
LOG_FINAL_ENTREGADO1
LOG_FINAL_ENTREGADO1
LOG_FINAL_ENTREGADO1
LOG_FINAL_ENTREGADO1
LOG_FINAL_ENTREGADO1
LOG_FINAL_ENTREGADO1
LOG_FINAL_ENTREGADO1
LOG_FINAL_ENTREGADO1
LOG_FINAL_ENTREGADO1
LOG_FINAL_ENTREGADO1
LOG_FINAL_ENTREGADO1
LOG_FINAL_ENTREGADO1
LOG_FINAL_ENTREGADO1
LOG_FINAL_ENTREGADO1
LOG_FINAL_ENTREGADO1
LOG_FINAL_ENTREGADO1
LOG_FINAL_ENTREGADO1
LOG_FINAL_ENTREGADO1
LOG_FINAL_ENTREGADO1
LOG_FINAL_ENTREGADO1
LOG_FINAL_ENTREGADO1
LOG_FINAL_ENTREGADO1
LOG_FINAL_ENTREGADO1
LOG_FINAL_ENTREGADO1
LOG_FINAL_ENTREGADO1
LOG_FINAL_ENTREGADO1
LOG_FINAL_ENTREGADO1
LOG_FINAL_ENTREGADO1
LOG_FINAL_ENTREGADO1
SOAR_FUNCIONANDO
SOAR_FUNCIONANDO
SOAR_FUNCIONANDO
SOAR_FUNCIONANDO
SOAR_FUNCIONANDO
SOAR_FUNCIONANDO
SOAR_FUNCIONANDO
SOAR_FUNCIONANDO
SOAR_FUNCIONANDO
SOAR_FUNCIONANDO
SOAR_FUNCIONANDO
SOAR_FUNCIONANDO
SOAR_FUNCIONANDO
SOAR_FUNCIONANDO
SOAR_FUNCIONANDO1
SOAR_FUNCIONANDO1
SOAR_FUNCIONANDO1
SOAR_FUNCIONANDO1
SOAR_FUNCIONANDO1
PROYECTO_FINALIZADO_CON_EXITO
PROYECTO_FINALIZADO_CON_EXITO
PROYECTO_FINALIZADO_CON_EXITO
PROYECTO_FINALIZADO_CON_EXITO
PROYECTO_FINALIZADO_CON_EXITO
PROYECTO_FINALIZADO_CON_EXITO
PROYECTO_FINALIZADO_CON_EXITO
PROYECTO_FINALIZADO_CON_EXITO
PROYECTO_FINALIZADO_CON_EXITO
PROYECTO_FINALIZADO_CON_EXITO
PROYECTO_FINALIZADO_CON_EXITO
PROYECTO_FINALIZADO_CON_EXITO1
PROYECTO_FINALIZADO_CON_EXITO1
PROYECTO_FINALIZADO_CON_EXITO1
PROYECTO_FINALIZADO_CON_EXITO1
PROYECTO_FINALIZADO_CON_EXITO1
COMPLETADO
COMPLETADO
COMPLETADO
COMPLETADO
COMPLETADO
COMPLETADO
COMPLETADO
COMPLETADO
COMPLETADO
COMPLETADO
COMPLETADO
COMPLETADO
COMPLETADO
COMPLETADO
COMPLETADO
COMPLETADO
COMPLETADO
ATAQUE_FUERZA_BRUTA_SSH
ATAQUE_FUERZA_BRUTA_SSH
ATAQUE_FUERZA_BRUTA_SSH
ATAQUE_FUERZA_BRUTA_SSH
ATAQUE_FUERZA_BRUTA_SSH
ATAQUE_FUERZA_BRUTA_SSH
ATAQUE_FUERZA_BRUTA_SSH
ATAQUE_FUERZA_BRUTA_SSH
ATAQUE_FUERZA_BRUTA_SSH
ATAQUE_FUERZA_BRUTA_SSH
ATAQUE_FUERZA_BRUTA_SSH
ATAQUE_FUERZA_BRUTA_SSH
ATAQUE_FUERZA_BRUTA_SSH
ATAQUE_FINAL_COMPLETADO
ATAQUE_FINAL_COMPLETADO
ATAQUE_FINAL_COMPLETADO
ATAQUE_FINAL_COMPLETADO
ATAQUE_FINAL_COMPLETADO
ATAQUE_FINAL_COMPLETADO
POR_FIN_FUNCIONA
POR_FIN_FUNCIONA
POR_FIN_FUNCIONA
POR_FIN_FUNCIONA
POR_FIN_FUNCIONA
POR_FIN_FUNCIONA
POR_FIN_FUNCIONA
POR_FIN_FUNCIONA
POR_FIN_FUNCIONA
POR_FIN_FUNCIONA
POR_FIN_FUNCIONA
POR_FIN_FUNCIONA
POR_FIN_FUNCIONA
POR_FIN_FUNCIONA
POR_FIN_FUNCIONA
POR_FIN_FUNCIONA
POR_FIN_FUNCIONA
POR_FIN_FUNCIONA
POR_FIN_FUNCIONA
POR_FIN_FUNCIONA
POR_FIN_FUNCIONA
POR_FIN_FUNCIONA
POR_FIN_FUNCIONA
POR_FIN_FUNCIONA
POR_FIN_FUNCIONA
POR_FIN_FUNCIONA
POR_FIN_FUNCIONA
POR_FIN_FUNCIONA
POR_FIN_FUNCIONA
POR_FIN_FUNCIONA
POR_FIN_FUNCIONA
POR_FIN_FUNCIONA
POR_FIN_FUNCIONA
POR_FIN_FUNCIONA
POR_FIN_FUNCIONA
POR_FIN_FUNCIONA
POR_FIN_FUNCIONA
POR_FIN_FUNCIONA
POR_FIN_FUNCIONA
POR_FIN_FUNCIONA
POR_FIN_FUNCIONA
SISTEMA_CONECTADO_Y_OK
SISTEMA_CONECTADO_Y_OK
SISTEMA_CONECTADO_Y_OK
SISTEMA_CONECTADO_Y_OK
ATAQUE_ENVIADO_A_DISCORD
ATAQUE_ENVIADO_A_DISCORD
ATAQUE_ENVIADO_A_DISCORD
ATAQUE_ENVIADO_A_DISCORD
PRUEBA_WEBHOOK_EXITOSA
PRUEBA_WEBHOOK_EXITOSA
PRUEBA_WEBHOOK_EXITOSA
PRUEBA_WEBHOOK_EXITOSA
FINAL
FINAL
FINAL
FINAL
FINAL
FINAL
FINAL2
FINAL2
FINAL2
FINAL2
